<?xml version="1.0" encoding="UTF-8" ?>
<testsuite tests="1" failures="0" name="ceneo.CeneoHomePageTest" time="56.357" errors="1" skipped="0">
  <properties>
    <property name="java.runtime.name" value="Java(TM) SE Runtime Environment"/>
    <property name="sun.boot.library.path" value="C:\Program Files\Java\jdk1.8.0_72\jre\bin"/>
    <property name="java.vm.version" value="25.72-b15"/>
    <property name="user.country.format" value="DE"/>
    <property name="java.vm.vendor" value="Oracle Corporation"/>
    <property name="maven.multiModuleProjectDirectory" value="C:\Borowik\workspace\starterkit\Selenium\selenium-mytests"/>
    <property name="java.vendor.url" value="http://java.oracle.com/"/>
    <property name="path.separator" value=";"/>
    <property name="guice.disable.misplaced.annotation.check" value="true"/>
    <property name="java.vm.name" value="Java HotSpot(TM) 64-Bit Server VM"/>
    <property name="file.encoding.pkg" value="sun.io"/>
    <property name="user.script" value=""/>
    <property name="user.country" value="US"/>
    <property name="sun.java.launcher" value="SUN_STANDARD"/>
    <property name="sun.os.patch.level" value="Service Pack 1"/>
    <property name="java.vm.specification.name" value="Java Virtual Machine Specification"/>
    <property name="user.dir" value="C:\Borowik\workspace\starterkit\Selenium\selenium-mytests"/>
    <property name="java.runtime.version" value="1.8.0_72-b15"/>
    <property name="java.awt.graphicsenv" value="sun.awt.Win32GraphicsEnvironment"/>
    <property name="java.endorsed.dirs" value="C:\Program Files\Java\jdk1.8.0_72\jre\lib\endorsed"/>
    <property name="os.arch" value="amd64"/>
    <property name="java.io.tmpdir" value="C:\Users\MABOROWI\AppData\Local\Temp\"/>
    <property name="line.separator" value="
"/>
    <property name="java.vm.specification.vendor" value="Oracle Corporation"/>
    <property name="user.variant" value=""/>
    <property name="os.name" value="Windows 7"/>
    <property name="classworlds.conf" value="C:\Borowik\workspace\starterkit\Selenium\.metadata\.plugins\org.eclipse.m2e.launching\launches\m2conf7889641481400628150.tmp"/>
    <property name="sun.jnu.encoding" value="Cp1252"/>
    <property name="java.library.path" value="C:\Program Files\Java\jdk1.8.0_72\bin;C:\WINDOWS\Sun\Java\bin;C:\WINDOWS\system32;C:\WINDOWS;C:\Program Files\Java\jdk1.8.0_72\jre\bin;C:/Program Files/Java/jre1.8.0_72/bin/server;C:/Program Files/Java/jre1.8.0_72/bin;C:/Program Files/Java/jre1.8.0_72/lib/amd64;C:\ProgramData\Oracle\Java\javapath;C:\WINDOWS\system32;C:\WINDOWS;C:\WINDOWS\System32\Wbem;C:\WINDOWS\System32\WindowsPowerShell\v1.0\;C:\Program Files\nodejs\;C:\Users\MABOROWI\AppData\Local\GitHub\PortableGit_c7e0cbde92ba565cb218a521411d0e854079a28c\cmd;C:\Users\MABOROWI\AppData\Roaming\npm;C:\eclipse;;."/>
    <property name="java.specification.name" value="Java Platform API Specification"/>
    <property name="java.class.version" value="52.0"/>
    <property name="sun.management.compiler" value="HotSpot 64-Bit Tiered Compilers"/>
    <property name="os.version" value="6.1"/>
    <property name="user.home" value="C:\Users\MABOROWI"/>
    <property name="user.timezone" value="Europe/Berlin"/>
    <property name="java.awt.printerjob" value="sun.awt.windows.WPrinterJob"/>
    <property name="java.specification.version" value="1.8"/>
    <property name="file.encoding" value="Cp1252"/>
    <property name="user.name" value="MABOROWI"/>
    <property name="java.class.path" value="/C:/eclipse/plugins/org.eclipse.m2e.maven.runtime_1.6.2.20150902-0001/jars/plexus-classworlds-2.5.2.jar"/>
    <property name="java.vm.specification.version" value="1.8"/>
    <property name="sun.arch.data.model" value="64"/>
    <property name="java.home" value="C:\Program Files\Java\jdk1.8.0_72\jre"/>
    <property name="sun.java.command" value="org.codehaus.plexus.classworlds.launcher.Launcher -B install"/>
    <property name="java.specification.vendor" value="Oracle Corporation"/>
    <property name="user.language" value="en"/>
    <property name="user.language.format" value="de"/>
    <property name="awt.toolkit" value="sun.awt.windows.WToolkit"/>
    <property name="java.vm.info" value="mixed mode"/>
    <property name="java.version" value="1.8.0_72"/>
    <property name="java.ext.dirs" value="C:\Program Files\Java\jdk1.8.0_72\jre\lib\ext;C:\WINDOWS\Sun\Java\lib\ext"/>
    <property name="sun.boot.class.path" value="C:\Program Files\Java\jdk1.8.0_72\jre\lib\resources.jar;C:\Program Files\Java\jdk1.8.0_72\jre\lib\rt.jar;C:\Program Files\Java\jdk1.8.0_72\jre\lib\sunrsasign.jar;C:\Program Files\Java\jdk1.8.0_72\jre\lib\jsse.jar;C:\Program Files\Java\jdk1.8.0_72\jre\lib\jce.jar;C:\Program Files\Java\jdk1.8.0_72\jre\lib\charsets.jar;C:\Program Files\Java\jdk1.8.0_72\jre\lib\jfr.jar;C:\Program Files\Java\jdk1.8.0_72\jre\classes"/>
    <property name="java.vendor" value="Oracle Corporation"/>
    <property name="maven.home" value="C:\Borowik\workspace\starterkit\Selenium\selenium-mytests\EMBEDDED"/>
    <property name="file.separator" value="\"/>
    <property name="java.vendor.url.bug" value="http://bugreport.sun.com/bugreport/"/>
    <property name="sun.cpu.endian" value="little"/>
    <property name="sun.io.unicode.encoding" value="UnicodeLittle"/>
    <property name="sun.desktop" value="windows"/>
    <property name="sun.cpu.isalist" value="amd64"/>
  </properties>
  <testcase classname="ceneo.CeneoHomePageTest" name="shouldCeneoTitle" time="56.357">
    <error message="Failed to connect to binary FirefoxBinary(C:\Program Files (x86)\Mozilla Firefox\firefox.exe) on port 7055; process output follows: 
ABOROWI\AppData\Local\Temp\anonymous4084475129193973085webdriver-profile\extensions\fxdriver@googlecode.com
1457014266608	addons.xpi	DEBUG	Ignoring file entry whose name is not a valid add-on ID: C:\Users\MABOROWI\AppData\Local\Temp\anonymous4084475129193973085webdriver-profile\extensions\webdriver-staging
1457014266609	addons.xpi	INFO	SystemAddonInstallLocation directory is missing
1457014266612	addons.xpi	INFO	Mapping {972ce4c6-7e08-4474-a285-3208198ce6fd} to C:\Program Files (x86)\Mozilla Firefox\browser\extensions\{972ce4c6-7e08-4474-a285-3208198ce6fd}
1457014266613	addons.xpi	DEBUG	Skipping unavailable install location app-system-share
1457014266614	addons.xpi	DEBUG	Skipping unavailable install location app-system-local
1457014266615	addons.xpi	DEBUG	checkForChanges
1457014266616	addons.xpi	DEBUG	Loaded add-on state from prefs: {&quot;app-profile&quot;:{&quot;fxdriver@googlecode.com&quot;:{&quot;d&quot;:&quot;C:\\Users\\MABOROWI\\AppData\\Local\\Temp\\anonymous4084475129193973085webdriver-profile\\extensions\\fxdriver@googlecode.com&quot;,&quot;e&quot;:false,&quot;v&quot;:&quot;2.26.0&quot;,&quot;st&quot;:1457014257049,&quot;mt&quot;:1457014257013}},&quot;app-global&quot;:{&quot;{972ce4c6-7e08-4474-a285-3208198ce6fd}&quot;:{&quot;d&quot;:&quot;C:\\Program Files (x86)\\Mozilla Firefox\\browser\\extensions\\{972ce4c6-7e08-4474-a285-3208198ce6fd}&quot;,&quot;e&quot;:true,&quot;v&quot;:&quot;44.0.2&quot;,&quot;st&quot;:1456926063947,&quot;mt&quot;:1455153612000}}}
1457014266620	addons.xpi	DEBUG	Existing add-on fxdriver@googlecode.com in app-profile
1457014266622	addons.xpi	DEBUG	getModTime: Recursive scan of {972ce4c6-7e08-4474-a285-3208198ce6fd}
1457014266625	addons.xpi	DEBUG	Existing add-on {972ce4c6-7e08-4474-a285-3208198ce6fd} in app-global
1457014266626	addons.xpi	DEBUG	getInstallState changed: false, state: {&quot;app-profile&quot;:{&quot;fxdriver@googlecode.com&quot;:{&quot;d&quot;:&quot;C:\\Users\\MABOROWI\\AppData\\Local\\Temp\\anonymous4084475129193973085webdriver-profile\\extensions\\fxdriver@googlecode.com&quot;,&quot;e&quot;:false,&quot;v&quot;:&quot;2.26.0&quot;,&quot;st&quot;:1457014257049,&quot;mt&quot;:1457014257013}},&quot;app-global&quot;:{&quot;{972ce4c6-7e08-4474-a285-3208198ce6fd}&quot;:{&quot;d&quot;:&quot;C:\\Program Files (x86)\\Mozilla Firefox\\browser\\extensions\\{972ce4c6-7e08-4474-a285-3208198ce6fd}&quot;,&quot;e&quot;:true,&quot;v&quot;:&quot;44.0.2&quot;,&quot;st&quot;:1456926063947,&quot;mt&quot;:1455153612000}}}
1457014266630	addons.xpi	DEBUG	No changes found
1457014266655	addons.manager	DEBUG	Registering shutdown blocker for XPIProvider
1457014266657	addons.manager	DEBUG	Provider finished startup: XPIProvider
1457014266657	addons.manager	DEBUG	Starting provider: LightweightThemeManager
1457014266657	addons.manager	DEBUG	Registering shutdown blocker for LightweightThemeManager
1457014266658	addons.manager	DEBUG	Provider finished startup: LightweightThemeManager
1457014266659	addons.manager	DEBUG	Starting provider: GMPProvider
1457014266674	addons.manager	DEBUG	Registering shutdown blocker for GMPProvider
1457014266675	addons.manager	DEBUG	Provider finished startup: GMPProvider
1457014266675	addons.manager	DEBUG	Starting provider: PluginProvider
1457014266676	addons.manager	DEBUG	Registering shutdown blocker for PluginProvider
1457014266677	addons.manager	DEBUG	Provider finished startup: PluginProvider
1457014266678	addons.manager	DEBUG	Completed startup sequence
1457014267031	addons.xpi-utils	DEBUG	Starting async load of XPI database C:\Users\MABOROWI\AppData\Local\Temp\anonymous4084475129193973085webdriver-profile\extensions.json
*** Blocklist::_loadBlocklistFromFile: blocklist is disabled
1457014267424	addons.manager	DEBUG	Starting provider: &lt;unnamed-provider&gt;
1457014267424	addons.manager	DEBUG	Registering shutdown blocker for &lt;unnamed-provider&gt;
1457014267425	addons.manager	DEBUG	Provider finished startup: &lt;unnamed-provider&gt;
1457014268092	addons.xpi-utils	DEBUG	Async JSON file read took 0 MS
1457014268092	addons.xpi-utils	DEBUG	Finished async read of XPI database, parsing...
1457014268095	addons.xpi-utils	DEBUG	Successfully read XPI database
1457014268967	addons.manager	DEBUG	Starting provider: PreviousExperimentProvider
1457014268967	addons.manager	DEBUG	Registering shutdown blocker for PreviousExperimentProvider
1457014268968	addons.manager	DEBUG	Provider finished startup: PreviousExperimentProvider

Build info: version: &apos;2.26.0&apos;, revision: &apos;18040&apos;, time: &apos;2012-11-02 09:44:45&apos;
System info: os.name: &apos;Windows 7&apos;, os.arch: &apos;amd64&apos;, os.version: &apos;6.1&apos;, java.version: &apos;1.8.0_72&apos;
Driver info: driver.version: FirefoxDriver" type="org.openqa.selenium.WebDriverException">org.openqa.selenium.WebDriverException: Failed to connect to binary FirefoxBinary(C:\Program Files (x86)\Mozilla Firefox\firefox.exe) on port 7055; process output follows: 
ABOROWI\AppData\Local\Temp\anonymous4084475129193973085webdriver-profile\extensions\fxdriver@googlecode.com
1457014266608	addons.xpi	DEBUG	Ignoring file entry whose name is not a valid add-on ID: C:\Users\MABOROWI\AppData\Local\Temp\anonymous4084475129193973085webdriver-profile\extensions\webdriver-staging
1457014266609	addons.xpi	INFO	SystemAddonInstallLocation directory is missing
1457014266612	addons.xpi	INFO	Mapping {972ce4c6-7e08-4474-a285-3208198ce6fd} to C:\Program Files (x86)\Mozilla Firefox\browser\extensions\{972ce4c6-7e08-4474-a285-3208198ce6fd}
1457014266613	addons.xpi	DEBUG	Skipping unavailable install location app-system-share
1457014266614	addons.xpi	DEBUG	Skipping unavailable install location app-system-local
1457014266615	addons.xpi	DEBUG	checkForChanges
1457014266616	addons.xpi	DEBUG	Loaded add-on state from prefs: {&quot;app-profile&quot;:{&quot;fxdriver@googlecode.com&quot;:{&quot;d&quot;:&quot;C:\\Users\\MABOROWI\\AppData\\Local\\Temp\\anonymous4084475129193973085webdriver-profile\\extensions\\fxdriver@googlecode.com&quot;,&quot;e&quot;:false,&quot;v&quot;:&quot;2.26.0&quot;,&quot;st&quot;:1457014257049,&quot;mt&quot;:1457014257013}},&quot;app-global&quot;:{&quot;{972ce4c6-7e08-4474-a285-3208198ce6fd}&quot;:{&quot;d&quot;:&quot;C:\\Program Files (x86)\\Mozilla Firefox\\browser\\extensions\\{972ce4c6-7e08-4474-a285-3208198ce6fd}&quot;,&quot;e&quot;:true,&quot;v&quot;:&quot;44.0.2&quot;,&quot;st&quot;:1456926063947,&quot;mt&quot;:1455153612000}}}
1457014266620	addons.xpi	DEBUG	Existing add-on fxdriver@googlecode.com in app-profile
1457014266622	addons.xpi	DEBUG	getModTime: Recursive scan of {972ce4c6-7e08-4474-a285-3208198ce6fd}
1457014266625	addons.xpi	DEBUG	Existing add-on {972ce4c6-7e08-4474-a285-3208198ce6fd} in app-global
1457014266626	addons.xpi	DEBUG	getInstallState changed: false, state: {&quot;app-profile&quot;:{&quot;fxdriver@googlecode.com&quot;:{&quot;d&quot;:&quot;C:\\Users\\MABOROWI\\AppData\\Local\\Temp\\anonymous4084475129193973085webdriver-profile\\extensions\\fxdriver@googlecode.com&quot;,&quot;e&quot;:false,&quot;v&quot;:&quot;2.26.0&quot;,&quot;st&quot;:1457014257049,&quot;mt&quot;:1457014257013}},&quot;app-global&quot;:{&quot;{972ce4c6-7e08-4474-a285-3208198ce6fd}&quot;:{&quot;d&quot;:&quot;C:\\Program Files (x86)\\Mozilla Firefox\\browser\\extensions\\{972ce4c6-7e08-4474-a285-3208198ce6fd}&quot;,&quot;e&quot;:true,&quot;v&quot;:&quot;44.0.2&quot;,&quot;st&quot;:1456926063947,&quot;mt&quot;:1455153612000}}}
1457014266630	addons.xpi	DEBUG	No changes found
1457014266655	addons.manager	DEBUG	Registering shutdown blocker for XPIProvider
1457014266657	addons.manager	DEBUG	Provider finished startup: XPIProvider
1457014266657	addons.manager	DEBUG	Starting provider: LightweightThemeManager
1457014266657	addons.manager	DEBUG	Registering shutdown blocker for LightweightThemeManager
1457014266658	addons.manager	DEBUG	Provider finished startup: LightweightThemeManager
1457014266659	addons.manager	DEBUG	Starting provider: GMPProvider
1457014266674	addons.manager	DEBUG	Registering shutdown blocker for GMPProvider
1457014266675	addons.manager	DEBUG	Provider finished startup: GMPProvider
1457014266675	addons.manager	DEBUG	Starting provider: PluginProvider
1457014266676	addons.manager	DEBUG	Registering shutdown blocker for PluginProvider
1457014266677	addons.manager	DEBUG	Provider finished startup: PluginProvider
1457014266678	addons.manager	DEBUG	Completed startup sequence
1457014267031	addons.xpi-utils	DEBUG	Starting async load of XPI database C:\Users\MABOROWI\AppData\Local\Temp\anonymous4084475129193973085webdriver-profile\extensions.json
*** Blocklist::_loadBlocklistFromFile: blocklist is disabled
1457014267424	addons.manager	DEBUG	Starting provider: &lt;unnamed-provider&gt;
1457014267424	addons.manager	DEBUG	Registering shutdown blocker for &lt;unnamed-provider&gt;
1457014267425	addons.manager	DEBUG	Provider finished startup: &lt;unnamed-provider&gt;
1457014268092	addons.xpi-utils	DEBUG	Async JSON file read took 0 MS
1457014268092	addons.xpi-utils	DEBUG	Finished async read of XPI database, parsing...
1457014268095	addons.xpi-utils	DEBUG	Successfully read XPI database
1457014268967	addons.manager	DEBUG	Starting provider: PreviousExperimentProvider
1457014268967	addons.manager	DEBUG	Registering shutdown blocker for PreviousExperimentProvider
1457014268968	addons.manager	DEBUG	Provider finished startup: PreviousExperimentProvider

Build info: version: &apos;2.26.0&apos;, revision: &apos;18040&apos;, time: &apos;2012-11-02 09:44:45&apos;
System info: os.name: &apos;Windows 7&apos;, os.arch: &apos;amd64&apos;, os.version: &apos;6.1&apos;, java.version: &apos;1.8.0_72&apos;
Driver info: driver.version: FirefoxDriver
	at org.openqa.selenium.firefox.internal.NewProfileExtensionConnection.start(NewProfileExtensionConnection.java:118)
	at org.openqa.selenium.firefox.FirefoxDriver.startClient(FirefoxDriver.java:243)
	at org.openqa.selenium.remote.RemoteWebDriver.&lt;init&gt;(RemoteWebDriver.java:109)
	at org.openqa.selenium.firefox.FirefoxDriver.&lt;init&gt;(FirefoxDriver.java:187)
	at org.openqa.selenium.firefox.FirefoxDriver.&lt;init&gt;(FirefoxDriver.java:182)
	at org.openqa.selenium.firefox.FirefoxDriver.&lt;init&gt;(FirefoxDriver.java:178)
	at org.openqa.selenium.firefox.FirefoxDriver.&lt;init&gt;(FirefoxDriver.java:95)
	at basics.AbstractSelenium.setUp(AbstractSelenium.java:28)
	at ceneo.CeneoHomePageTest.setUp(CeneoHomePageTest.java:19)
	at sun.reflect.NativeMethodAccessorImpl.invoke0(Native Method)
	at sun.reflect.NativeMethodAccessorImpl.invoke(NativeMethodAccessorImpl.java:62)
	at sun.reflect.DelegatingMethodAccessorImpl.invoke(DelegatingMethodAccessorImpl.java:43)
	at java.lang.reflect.Method.invoke(Method.java:498)
	at org.junit.runners.model.FrameworkMethod$1.runReflectiveCall(FrameworkMethod.java:47)
	at org.junit.internal.runners.model.ReflectiveCallable.run(ReflectiveCallable.java:12)
	at org.junit.runners.model.FrameworkMethod.invokeExplosively(FrameworkMethod.java:44)
	at org.junit.internal.runners.statements.RunBefores.evaluate(RunBefores.java:24)
	at org.junit.internal.runners.statements.RunAfters.evaluate(RunAfters.java:27)
	at org.junit.runners.ParentRunner.runLeaf(ParentRunner.java:271)
	at org.junit.runners.BlockJUnit4ClassRunner.runChild(BlockJUnit4ClassRunner.java:70)
	at org.junit.runners.BlockJUnit4ClassRunner.runChild(BlockJUnit4ClassRunner.java:50)
	at org.junit.runners.ParentRunner$3.run(ParentRunner.java:238)
	at org.junit.runners.ParentRunner$1.schedule(ParentRunner.java:63)
	at org.junit.runners.ParentRunner.runChildren(ParentRunner.java:236)
	at org.junit.runners.ParentRunner.access$000(ParentRunner.java:53)
	at org.junit.runners.ParentRunner$2.evaluate(ParentRunner.java:229)
	at org.junit.runners.ParentRunner.run(ParentRunner.java:309)
	at org.apache.maven.surefire.junit4.JUnit4Provider.execute(JUnit4Provider.java:252)
	at org.apache.maven.surefire.junit4.JUnit4Provider.executeTestSet(JUnit4Provider.java:141)
	at org.apache.maven.surefire.junit4.JUnit4Provider.invoke(JUnit4Provider.java:112)
	at sun.reflect.NativeMethodAccessorImpl.invoke0(Native Method)
	at sun.reflect.NativeMethodAccessorImpl.invoke(NativeMethodAccessorImpl.java:62)
	at sun.reflect.DelegatingMethodAccessorImpl.invoke(DelegatingMethodAccessorImpl.java:43)
	at java.lang.reflect.Method.invoke(Method.java:498)
	at org.apache.maven.surefire.util.ReflectionUtils.invokeMethodWithArray(ReflectionUtils.java:189)
	at org.apache.maven.surefire.booter.ProviderFactory$ProviderProxy.invoke(ProviderFactory.java:165)
	at org.apache.maven.surefire.booter.ProviderFactory.invokeProvider(ProviderFactory.java:85)
	at org.apache.maven.surefire.booter.ForkedBooter.runSuitesInProcess(ForkedBooter.java:115)
	at org.apache.maven.surefire.booter.ForkedBooter.main(ForkedBooter.java:75)
Caused by: org.openqa.selenium.firefox.NotConnectedException: Unable to connect to host 127.0.0.1 on port 7055 after 45000 ms. Firefox console output:
ABOROWI\AppData\Local\Temp\anonymous4084475129193973085webdriver-profile\extensions\fxdriver@googlecode.com
1457014266608	addons.xpi	DEBUG	Ignoring file entry whose name is not a valid add-on ID: C:\Users\MABOROWI\AppData\Local\Temp\anonymous4084475129193973085webdriver-profile\extensions\webdriver-staging
1457014266609	addons.xpi	INFO	SystemAddonInstallLocation directory is missing
1457014266612	addons.xpi	INFO	Mapping {972ce4c6-7e08-4474-a285-3208198ce6fd} to C:\Program Files (x86)\Mozilla Firefox\browser\extensions\{972ce4c6-7e08-4474-a285-3208198ce6fd}
1457014266613	addons.xpi	DEBUG	Skipping unavailable install location app-system-share
1457014266614	addons.xpi	DEBUG	Skipping unavailable install location app-system-local
1457014266615	addons.xpi	DEBUG	checkForChanges
1457014266616	addons.xpi	DEBUG	Loaded add-on state from prefs: {&quot;app-profile&quot;:{&quot;fxdriver@googlecode.com&quot;:{&quot;d&quot;:&quot;C:\\Users\\MABOROWI\\AppData\\Local\\Temp\\anonymous4084475129193973085webdriver-profile\\extensions\\fxdriver@googlecode.com&quot;,&quot;e&quot;:false,&quot;v&quot;:&quot;2.26.0&quot;,&quot;st&quot;:1457014257049,&quot;mt&quot;:1457014257013}},&quot;app-global&quot;:{&quot;{972ce4c6-7e08-4474-a285-3208198ce6fd}&quot;:{&quot;d&quot;:&quot;C:\\Program Files (x86)\\Mozilla Firefox\\browser\\extensions\\{972ce4c6-7e08-4474-a285-3208198ce6fd}&quot;,&quot;e&quot;:true,&quot;v&quot;:&quot;44.0.2&quot;,&quot;st&quot;:1456926063947,&quot;mt&quot;:1455153612000}}}
1457014266620	addons.xpi	DEBUG	Existing add-on fxdriver@googlecode.com in app-profile
1457014266622	addons.xpi	DEBUG	getModTime: Recursive scan of {972ce4c6-7e08-4474-a285-3208198ce6fd}
1457014266625	addons.xpi	DEBUG	Existing add-on {972ce4c6-7e08-4474-a285-3208198ce6fd} in app-global
1457014266626	addons.xpi	DEBUG	getInstallState changed: false, state: {&quot;app-profile&quot;:{&quot;fxdriver@googlecode.com&quot;:{&quot;d&quot;:&quot;C:\\Users\\MABOROWI\\AppData\\Local\\Temp\\anonymous4084475129193973085webdriver-profile\\extensions\\fxdriver@googlecode.com&quot;,&quot;e&quot;:false,&quot;v&quot;:&quot;2.26.0&quot;,&quot;st&quot;:1457014257049,&quot;mt&quot;:1457014257013}},&quot;app-global&quot;:{&quot;{972ce4c6-7e08-4474-a285-3208198ce6fd}&quot;:{&quot;d&quot;:&quot;C:\\Program Files (x86)\\Mozilla Firefox\\browser\\extensions\\{972ce4c6-7e08-4474-a285-3208198ce6fd}&quot;,&quot;e&quot;:true,&quot;v&quot;:&quot;44.0.2&quot;,&quot;st&quot;:1456926063947,&quot;mt&quot;:1455153612000}}}
1457014266630	addons.xpi	DEBUG	No changes found
1457014266655	addons.manager	DEBUG	Registering shutdown blocker for XPIProvider
1457014266657	addons.manager	DEBUG	Provider finished startup: XPIProvider
1457014266657	addons.manager	DEBUG	Starting provider: LightweightThemeManager
1457014266657	addons.manager	DEBUG	Registering shutdown blocker for LightweightThemeManager
1457014266658	addons.manager	DEBUG	Provider finished startup: LightweightThemeManager
1457014266659	addons.manager	DEBUG	Starting provider: GMPProvider
1457014266674	addons.manager	DEBUG	Registering shutdown blocker for GMPProvider
1457014266675	addons.manager	DEBUG	Provider finished startup: GMPProvider
1457014266675	addons.manager	DEBUG	Starting provider: PluginProvider
1457014266676	addons.manager	DEBUG	Registering shutdown blocker for PluginProvider
1457014266677	addons.manager	DEBUG	Provider finished startup: PluginProvider
1457014266678	addons.manager	DEBUG	Completed startup sequence
1457014267031	addons.xpi-utils	DEBUG	Starting async load of XPI database C:\Users\MABOROWI\AppData\Local\Temp\anonymous4084475129193973085webdriver-profile\extensions.json
*** Blocklist::_loadBlocklistFromFile: blocklist is disabled
1457014267424	addons.manager	DEBUG	Starting provider: &lt;unnamed-provider&gt;
1457014267424	addons.manager	DEBUG	Registering shutdown blocker for &lt;unnamed-provider&gt;
1457014267425	addons.manager	DEBUG	Provider finished startup: &lt;unnamed-provider&gt;
1457014268092	addons.xpi-utils	DEBUG	Async JSON file read took 0 MS
1457014268092	addons.xpi-utils	DEBUG	Finished async read of XPI database, parsing...
1457014268095	addons.xpi-utils	DEBUG	Successfully read XPI database
1457014268967	addons.manager	DEBUG	Starting provider: PreviousExperimentProvider
1457014268967	addons.manager	DEBUG	Registering shutdown blocker for PreviousExperimentProvider
1457014268968	addons.manager	DEBUG	Provider finished startup: PreviousExperimentProvider

	at org.openqa.selenium.firefox.internal.NewProfileExtensionConnection.start(NewProfileExtensionConnection.java:106)
	... 38 more
</error>
    <system-err>org.openqa.selenium.firefox.NotConnectedException: Unable to connect to host 127.0.0.1 on port 7055 after 45000 ms. Firefox console output:
ABOROWI\AppData\Local\Temp\anonymous4084475129193973085webdriver-profile\extensions\fxdriver@googlecode.com
1457014266608	addons.xpi	DEBUG	Ignoring file entry whose name is not a valid add-on ID: C:\Users\MABOROWI\AppData\Local\Temp\anonymous4084475129193973085webdriver-profile\extensions\webdriver-staging
1457014266609	addons.xpi	INFO	SystemAddonInstallLocation directory is missing
1457014266612	addons.xpi	INFO	Mapping {972ce4c6-7e08-4474-a285-3208198ce6fd} to C:\Program Files (x86)\Mozilla Firefox\browser\extensions\{972ce4c6-7e08-4474-a285-3208198ce6fd}
1457014266613	addons.xpi	DEBUG	Skipping unavailable install location app-system-share
1457014266614	addons.xpi	DEBUG	Skipping unavailable install location app-system-local
1457014266615	addons.xpi	DEBUG	checkForChanges
1457014266616	addons.xpi	DEBUG	Loaded add-on state from prefs: {&quot;app-profile&quot;:{&quot;fxdriver@googlecode.com&quot;:{&quot;d&quot;:&quot;C:\\Users\\MABOROWI\\AppData\\Local\\Temp\\anonymous4084475129193973085webdriver-profile\\extensions\\fxdriver@googlecode.com&quot;,&quot;e&quot;:false,&quot;v&quot;:&quot;2.26.0&quot;,&quot;st&quot;:1457014257049,&quot;mt&quot;:1457014257013}},&quot;app-global&quot;:{&quot;{972ce4c6-7e08-4474-a285-3208198ce6fd}&quot;:{&quot;d&quot;:&quot;C:\\Program Files (x86)\\Mozilla Firefox\\browser\\extensions\\{972ce4c6-7e08-4474-a285-3208198ce6fd}&quot;,&quot;e&quot;:true,&quot;v&quot;:&quot;44.0.2&quot;,&quot;st&quot;:1456926063947,&quot;mt&quot;:1455153612000}}}
1457014266620	addons.xpi	DEBUG	Existing add-on fxdriver@googlecode.com in app-profile
1457014266622	addons.xpi	DEBUG	getModTime: Recursive scan of {972ce4c6-7e08-4474-a285-3208198ce6fd}
1457014266625	addons.xpi	DEBUG	Existing add-on {972ce4c6-7e08-4474-a285-3208198ce6fd} in app-global
1457014266626	addons.xpi	DEBUG	getInstallState changed: false, state: {&quot;app-profile&quot;:{&quot;fxdriver@googlecode.com&quot;:{&quot;d&quot;:&quot;C:\\Users\\MABOROWI\\AppData\\Local\\Temp\\anonymous4084475129193973085webdriver-profile\\extensions\\fxdriver@googlecode.com&quot;,&quot;e&quot;:false,&quot;v&quot;:&quot;2.26.0&quot;,&quot;st&quot;:1457014257049,&quot;mt&quot;:1457014257013}},&quot;app-global&quot;:{&quot;{972ce4c6-7e08-4474-a285-3208198ce6fd}&quot;:{&quot;d&quot;:&quot;C:\\Program Files (x86)\\Mozilla Firefox\\browser\\extensions\\{972ce4c6-7e08-4474-a285-3208198ce6fd}&quot;,&quot;e&quot;:true,&quot;v&quot;:&quot;44.0.2&quot;,&quot;st&quot;:1456926063947,&quot;mt&quot;:1455153612000}}}
1457014266630	addons.xpi	DEBUG	No changes found
1457014266655	addons.manager	DEBUG	Registering shutdown blocker for XPIProvider
1457014266657	addons.manager	DEBUG	Provider finished startup: XPIProvider
1457014266657	addons.manager	DEBUG	Starting provider: LightweightThemeManager
1457014266657	addons.manager	DEBUG	Registering shutdown blocker for LightweightThemeManager
1457014266658	addons.manager	DEBUG	Provider finished startup: LightweightThemeManager
1457014266659	addons.manager	DEBUG	Starting provider: GMPProvider
1457014266674	addons.manager	DEBUG	Registering shutdown blocker for GMPProvider
1457014266675	addons.manager	DEBUG	Provider finished startup: GMPProvider
1457014266675	addons.manager	DEBUG	Starting provider: PluginProvider
1457014266676	addons.manager	DEBUG	Registering shutdown blocker for PluginProvider
1457014266677	addons.manager	DEBUG	Provider finished startup: PluginProvider
1457014266678	addons.manager	DEBUG	Completed startup sequence
1457014267031	addons.xpi-utils	DEBUG	Starting async load of XPI database C:\Users\MABOROWI\AppData\Local\Temp\anonymous4084475129193973085webdriver-profile\extensions.json
*** Blocklist::_loadBlocklistFromFile: blocklist is disabled
1457014267424	addons.manager	DEBUG	Starting provider: &lt;unnamed-provider&gt;
1457014267424	addons.manager	DEBUG	Registering shutdown blocker for &lt;unnamed-provider&gt;
1457014267425	addons.manager	DEBUG	Provider finished startup: &lt;unnamed-provider&gt;
1457014268092	addons.xpi-utils	DEBUG	Async JSON file read took 0 MS
1457014268092	addons.xpi-utils	DEBUG	Finished async read of XPI database, parsing...
1457014268095	addons.xpi-utils	DEBUG	Successfully read XPI database
1457014268967	addons.manager	DEBUG	Starting provider: PreviousExperimentProvider
1457014268967	addons.manager	DEBUG	Registering shutdown blocker for PreviousExperimentProvider
1457014268968	addons.manager	DEBUG	Provider finished startup: PreviousExperimentProvider

	at org.openqa.selenium.firefox.internal.NewProfileExtensionConnection.start(NewProfileExtensionConnection.java:106)
	at org.openqa.selenium.firefox.FirefoxDriver.startClient(FirefoxDriver.java:243)
	at org.openqa.selenium.remote.RemoteWebDriver.&lt;init&gt;(RemoteWebDriver.java:109)
	at org.openqa.selenium.firefox.FirefoxDriver.&lt;init&gt;(FirefoxDriver.java:187)
	at org.openqa.selenium.firefox.FirefoxDriver.&lt;init&gt;(FirefoxDriver.java:182)
	at org.openqa.selenium.firefox.FirefoxDriver.&lt;init&gt;(FirefoxDriver.java:178)
	at org.openqa.selenium.firefox.FirefoxDriver.&lt;init&gt;(FirefoxDriver.java:95)
	at basics.AbstractSelenium.setUp(AbstractSelenium.java:28)
	at ceneo.CeneoHomePageTest.setUp(CeneoHomePageTest.java:19)
	at sun.reflect.NativeMethodAccessorImpl.invoke0(Native Method)
	at sun.reflect.NativeMethodAccessorImpl.invoke(NativeMethodAccessorImpl.java:62)
	at sun.reflect.DelegatingMethodAccessorImpl.invoke(DelegatingMethodAccessorImpl.java:43)
	at java.lang.reflect.Method.invoke(Method.java:498)
	at org.junit.runners.model.FrameworkMethod$1.runReflectiveCall(FrameworkMethod.java:47)
	at org.junit.internal.runners.model.ReflectiveCallable.run(ReflectiveCallable.java:12)
	at org.junit.runners.model.FrameworkMethod.invokeExplosively(FrameworkMethod.java:44)
	at org.junit.internal.runners.statements.RunBefores.evaluate(RunBefores.java:24)
	at org.junit.internal.runners.statements.RunAfters.evaluate(RunAfters.java:27)
	at org.junit.runners.ParentRunner.runLeaf(ParentRunner.java:271)
	at org.junit.runners.BlockJUnit4ClassRunner.runChild(BlockJUnit4ClassRunner.java:70)
	at org.junit.runners.BlockJUnit4ClassRunner.runChild(BlockJUnit4ClassRunner.java:50)
	at org.junit.runners.ParentRunner$3.run(ParentRunner.java:238)
	at org.junit.runners.ParentRunner$1.schedule(ParentRunner.java:63)
	at org.junit.runners.ParentRunner.runChildren(ParentRunner.java:236)
	at org.junit.runners.ParentRunner.access$000(ParentRunner.java:53)
	at org.junit.runners.ParentRunner$2.evaluate(ParentRunner.java:229)
	at org.junit.runners.ParentRunner.run(ParentRunner.java:309)
	at org.apache.maven.surefire.junit4.JUnit4Provider.execute(JUnit4Provider.java:252)
	at org.apache.maven.surefire.junit4.JUnit4Provider.executeTestSet(JUnit4Provider.java:141)
	at org.apache.maven.surefire.junit4.JUnit4Provider.invoke(JUnit4Provider.java:112)
	at sun.reflect.NativeMethodAccessorImpl.invoke0(Native Method)
	at sun.reflect.NativeMethodAccessorImpl.invoke(NativeMethodAccessorImpl.java:62)
	at sun.reflect.DelegatingMethodAccessorImpl.invoke(DelegatingMethodAccessorImpl.java:43)
	at java.lang.reflect.Method.invoke(Method.java:498)
	at org.apache.maven.surefire.util.ReflectionUtils.invokeMethodWithArray(ReflectionUtils.java:189)
	at org.apache.maven.surefire.booter.ProviderFactory$ProviderProxy.invoke(ProviderFactory.java:165)
	at org.apache.maven.surefire.booter.ProviderFactory.invokeProvider(ProviderFactory.java:85)
	at org.apache.maven.surefire.booter.ForkedBooter.runSuitesInProcess(ForkedBooter.java:115)
	at org.apache.maven.surefire.booter.ForkedBooter.main(ForkedBooter.java:75)
</system-err>
  </testcase>
</testsuite>